#
# There is insufficient memory for the Java Runtime Environment to continue.
# Native memory allocation (mmap) failed to map 132120576 bytes for G1 virtual space
# Possible reasons:
#   The system is out of physical RAM or swap space
#   The process is running with CompressedOops enabled, and the Java Heap may be blocking the growth of the native heap
# Possible solutions:
#   Reduce memory load on the system
#   Increase physical memory or swap space
#   Check if swap backing store is full
#   Decrease Java heap size (-Xmx/-Xms)
#   Decrease number of Java threads
#   Decrease Java thread stack sizes (-Xss)
#   Set larger code cache with -XX:ReservedCodeCacheSize=
#   JVM is running with Unscaled Compressed Oops mode in which the Java heap is
#     placed in the first 4GB address space. The Java Heap base address is the
#     maximum limit for the native heap growth. Please use -XX:HeapBaseMinAddress
#     to set the Java Heap base and to place the Java Heap above 4GB virtual address.
# This output file may be truncated or incomplete.
#
#  Out of Memory Error (os_windows.cpp:3825), pid=14180, tid=24032
#
# JRE version:  (17.0.9) (build )
# Java VM: OpenJDK 64-Bit Server VM (17.0.9+0--11185874, mixed mode, sharing, tiered, compressed oops, compressed class ptrs, g1 gc, windows-amd64)
# No core dump will be written. Minidumps are not enabled by default on client versions of Windows
#

---------------  S U M M A R Y ------------

Command Line: org.jetbrains.kotlin.cli.jvm.K2JVMCompiler @F:\Coding\Fluttter\AndroidStudioFlutter\MediaPlayerTakrorlash\app\build\20240604_13594917828974187067.compiler.options

Host: Intel(R) Core(TM) i7-10510U CPU @ 1.80GHz, 8 cores, 7G,  Windows 11 , 64 bit Build 22621 (10.0.22621.3527)
Time: Tue Jun  4 21:16:38 2024 West Asia Standard Time elapsed time: 0.016520 seconds (0d 0h 0m 0s)

---------------  T H R E A D  ---------------

Current thread (0x000001af0163a830):  JavaThread "Unknown thread" [_thread_in_vm, id=24032, stack(0x0000001400c00000,0x0000001400d00000)]

Stack: [0x0000001400c00000,0x0000001400d00000]
Native frames: (J=compiled Java code, j=interpreted, Vv=VM code, C=native code)
V  [jvm.dll+0x6886e9]
V  [jvm.dll+0x841e4a]
V  [jvm.dll+0x843a8e]
V  [jvm.dll+0x8440f3]
V  [jvm.dll+0x24c14f]
V  [jvm.dll+0x685499]
V  [jvm.dll+0x679c2a]
V  [jvm.dll+0x30cf9b]
V  [jvm.dll+0x314446]
V  [jvm.dll+0x36425e]
V  [jvm.dll+0x36448f]
V  [jvm.dll+0x2e2d68]
V  [jvm.dll+0x2e3cd4]
V  [jvm.dll+0x8129f1]
V  [jvm.dll+0x3720c1]
V  [jvm.dll+0x7f152c]
V  [jvm.dll+0x3f5d4f]
V  [jvm.dll+0x3f7981]
C  [jli.dll+0x528f]
C  [ucrtbase.dll+0x29333]
C  [KERNEL32.DLL+0x1257d]
C  [ntdll.dll+0x5aa48]


---------------  P R O C E S S  ---------------

Threads class SMR info:
_java_thread_list=0x00007ff8ea0eef18, length=0, elements={
}

Java Threads: ( => current thread )

Other Threads:
  0x000001af016966f0 GCTaskThread "GC Thread#0" [stack: 0x0000001400d00000,0x0000001400e00000] [id=15332]
  0x000001af016a7140 ConcurrentGCThread "G1 Main Marker" [stack: 0x0000001400e00000,0x0000001400f00000] [id=15760]
  0x000001af016a8300 ConcurrentGCThread "G1 Conc#0" [stack: 0x0000001400f00000,0x0000001401000000] [id=19928]

[error occurred during error reporting (printing all threads), id 0xc0000005, EXCEPTION_ACCESS_VIOLATION (0xc0000005) at pc=0x00007ff8e98a3937]

VM state: not at safepoint (not fully initialized)

VM Mutex/Monitor currently owned by a thread:  ([mutex/lock_event])
[0x000001af01637640] Heap_lock - owner thread: 0x000001af0163a830

Heap address: 0x0000000082800000, size: 2008 MB, Compressed Oops mode: 32-bit

CDS archive(s) mapped at: [0x0000000000000000-0x0000000000000000-0x0000000000000000), size 0, SharedBaseAddress: 0x0000000800000000, ArchiveRelocationMode: 1.
Narrow klass base: 0x0000000000000000, Narrow klass shift: 0, Narrow klass range: 0x0

GC Precious Log:
<Empty>

Heap:
 garbage-first heap   total 0K, used 0K [0x0000000082800000, 0x0000000100000000)
  region size 1024K, 0 young (0K), 0 survivors (0K)
 Metaspace       used 0K, committed 0K, reserved 0K
  class space    used 0K, committed 0K, reserved 0K

Heap Regions: E=young(eden), S=young(survivor), O=old, HS=humongous(starts), HC=humongous(continues), CS=collection set, F=free, OA=open archive, CA=closed archive, TAMS=top-at-mark-start (previous, next)

Card table byte_map: [0x000001af16170000,0x000001af16560000] _byte_map_base: 0x000001af15d5c000

Marking Bits (Prev, Next): (CMBitMap*) 0x000001af01696d10, (CMBitMap*) 0x000001af01696d50
 Prev Bits: [0x000001af16950000, 0x000001af188b0000)
 Next Bits: [0x000001af188b0000, 0x000001af1a810000)

GC Heap History (0 events):
No events

Dll operation events (1 events):
Event: 0.009 Loaded shared library C:\Program Files\Android\Android Studio\jbr\bin\java.dll

Deoptimization events (0 events):
No events

Classes unloaded (0 events):
No events

Classes redefined (0 events):
No events

Internal exceptions (0 events):
No events

VM Operations (0 events):
No events

Events (0 events):
No events


Dynamic libraries:
0x00007ff7d1070000 - 0x00007ff7d107a000 	C:\Program Files\Android\Android Studio\jbr\bin\java.exe
0x00007ff94f890000 - 0x00007ff94faa7000 	C:\WINDOWS\SYSTEM32\ntdll.dll
0x00007ff94ea00000 - 0x00007ff94eac4000 	C:\WINDOWS\System32\KERNEL32.DLL
0x00007ff94d0a0000 - 0x00007ff94d447000 	C:\WINDOWS\System32\KERNELBASE.dll
0x00007ff94cbb0000 - 0x00007ff94ccc1000 	C:\WINDOWS\System32\ucrtbase.dll
0x00007ff947460000 - 0x00007ff94747b000 	C:\Program Files\Android\Android Studio\jbr\bin\VCRUNTIME140.dll
0x00007ff9373a0000 - 0x00007ff9373b7000 	C:\Program Files\Android\Android Studio\jbr\bin\jli.dll
0x00007ff94e0d0000 - 0x00007ff94e27e000 	C:\WINDOWS\System32\USER32.dll
0x00007ff94d510000 - 0x00007ff94d536000 	C:\WINDOWS\System32\win32u.dll
0x00007ff92d0d0000 - 0x00007ff92d363000 	C:\WINDOWS\WinSxS\amd64_microsoft.windows.common-controls_6595b64144ccf1df_6.0.22621.3527_none_270e469b73872a76\COMCTL32.dll
0x00007ff94ef70000 - 0x00007ff94f017000 	C:\WINDOWS\System32\msvcrt.dll
0x00007ff94eae0000 - 0x00007ff94eb09000 	C:\WINDOWS\System32\GDI32.dll
0x00007ff94cd70000 - 0x00007ff94ce89000 	C:\WINDOWS\System32\gdi32full.dll
0x00007ff94ccd0000 - 0x00007ff94cd6a000 	C:\WINDOWS\System32\msvcp_win.dll
0x00007ff94e090000 - 0x00007ff94e0c1000 	C:\WINDOWS\System32\IMM32.DLL
0x00007ff948160000 - 0x00007ff94816c000 	C:\Program Files\Android\Android Studio\jbr\bin\vcruntime140_1.dll
0x00007ff92ae30000 - 0x00007ff92aebd000 	C:\Program Files\Android\Android Studio\jbr\bin\msvcp140.dll
0x00007ff8e95b0000 - 0x00007ff8ea233000 	C:\Program Files\Android\Android Studio\jbr\bin\server\jvm.dll
0x00007ff94e940000 - 0x00007ff94e9f2000 	C:\WINDOWS\System32\ADVAPI32.dll
0x00007ff94edc0000 - 0x00007ff94ee68000 	C:\WINDOWS\System32\sechost.dll
0x00007ff94d000000 - 0x00007ff94d028000 	C:\WINDOWS\System32\bcrypt.dll
0x00007ff94d5c0000 - 0x00007ff94d6d5000 	C:\WINDOWS\System32\RPCRT4.dll
0x00007ff948080000 - 0x00007ff948089000 	C:\WINDOWS\SYSTEM32\WSOCK32.dll
0x00007ff94ba30000 - 0x00007ff94ba7d000 	C:\WINDOWS\SYSTEM32\POWRPROF.dll
0x00007ff946540000 - 0x00007ff946574000 	C:\WINDOWS\SYSTEM32\WINMM.dll
0x00007ff94eb10000 - 0x00007ff94eb81000 	C:\WINDOWS\System32\WS2_32.dll
0x00007ff945f40000 - 0x00007ff945f4a000 	C:\WINDOWS\SYSTEM32\VERSION.dll
0x00007ff94ba10000 - 0x00007ff94ba23000 	C:\WINDOWS\SYSTEM32\UMPDC.dll
0x00007ff94bcc0000 - 0x00007ff94bcd8000 	C:\WINDOWS\SYSTEM32\kernel.appcore.dll
0x00007ff946820000 - 0x00007ff94682a000 	C:\Program Files\Android\Android Studio\jbr\bin\jimage.dll
0x00007ff949bd0000 - 0x00007ff949e02000 	C:\WINDOWS\SYSTEM32\DBGHELP.DLL
0x00007ff94f3b0000 - 0x00007ff94f738000 	C:\WINDOWS\System32\combase.dll
0x00007ff94e390000 - 0x00007ff94e467000 	C:\WINDOWS\System32\OLEAUT32.dll
0x00007ff92a240000 - 0x00007ff92a272000 	C:\WINDOWS\SYSTEM32\dbgcore.DLL
0x00007ff94d540000 - 0x00007ff94d5b9000 	C:\WINDOWS\System32\bcryptPrimitives.dll
0x00007ff9467e0000 - 0x00007ff946805000 	C:\Program Files\Android\Android Studio\jbr\bin\java.dll

dbghelp: loaded successfully - version: 4.0.5 - missing functions: none
symbol engine: initialized successfully - sym options: 0x614 - pdb path: .;C:\Program Files\Android\Android Studio\jbr\bin;C:\WINDOWS\SYSTEM32;C:\WINDOWS\WinSxS\amd64_microsoft.windows.common-controls_6595b64144ccf1df_6.0.22621.3527_none_270e469b73872a76;C:\Program Files\Android\Android Studio\jbr\bin\server

VM Arguments:
java_command: org.jetbrains.kotlin.cli.jvm.K2JVMCompiler @F:\Coding\Fluttter\AndroidStudioFlutter\MediaPlayerTakrorlash\app\build\20240604_13594917828974187067.compiler.options
java_class_path (initial): C:\Users\domin\.gradle\caches\modules-2\files-2.1\org.jetbrains.kotlin\kotlin-compiler-embeddable\1.9.0\2c8c3a7402becca891f12739b3e9fd2dc2adbd7a\kotlin-compiler-embeddable-1.9.0.jar;C:\Users\domin\.gradle\caches\modules-2\files-2.1\org.jetbrains.kotlin\kotlin-stdlib\1.9.0\8ee15ef0c67dc83d874f412d84378d7f0eb50b63\kotlin-stdlib-1.9.0.jar;C:\Users\domin\.gradle\caches\modules-2\files-2.1\org.jetbrains.kotlin\kotlin-script-runtime\1.9.0\4b3102cbbb7e1b58d9d1adf89563f00069ffa7d1\kotlin-script-runtime-1.9.0.jar;C:\Users\domin\.gradle\caches\modules-2\files-2.1\org.jetbrains.kotlin\kotlin-reflect\1.6.10\1cbe9c92c12a94eea200d23c2bbaedaf3daf5132\kotlin-reflect-1.6.10.jar;C:\Users\domin\.gradle\caches\modules-2\files-2.1\org.jetbrains.kotlin\kotlin-daemon-embeddable\1.9.0\186543f5e28cf8d9a0290fecc2cf34301c40a65c\kotlin-daemon-embeddable-1.9.0.jar;C:\Users\domin\.gradle\caches\modules-2\files-2.1\org.jetbrains.intellij.deps\trove4j\1.0.20200330\3afb14d5f9ceb459d724e907a21145e8ff394f02\trove4j-1.0.20200330.jar;C:\Users\domin\.gradle\caches\modules-2\files-2.1\org.jetbrains.kotlin\kotlin-stdlib-common\1.9.0\cd65c21cfd1eec4d44ef09f9f52b6d9f8a720636\kotlin-stdlib-common-1.9.0.jar;C:\Users\domin\.gradle\caches\modules-2\files-2.1\org.jetbrains\annotations\13.0\919f0dfe192fb4e063e7dacadee7f8bb9a2672a9\annotations-13.0.jar
Launcher Type: SUN_STANDARD

[Global flags]
     intx CICompilerCount                          = 4                                         {product} {ergonomic}
     uint ConcGCThreads                            = 2                                         {product} {ergonomic}
     uint G1ConcRefinementThreads                  = 8                                         {product} {ergonomic}
   size_t G1HeapRegionSize                         = 1048576                                   {product} {ergonomic}
    uintx GCDrainStackTargetSize                   = 64                                        {product} {ergonomic}
   size_t InitialHeapSize                          = 132120576                                 {product} {ergonomic}
   size_t MarkStackSize                            = 4194304                                   {product} {ergonomic}
   size_t MaxHeapSize                              = 2105540608                                {product} {ergonomic}
   size_t MinHeapDeltaBytes                        = 1048576                                   {product} {ergonomic}
   size_t MinHeapSize                              = 8388608                                   {product} {ergonomic}
    uintx NonNMethodCodeHeapSize                   = 5839372                                {pd product} {ergonomic}
    uintx NonProfiledCodeHeapSize                  = 122909434                              {pd product} {ergonomic}
    uintx ProfiledCodeHeapSize                     = 122909434                              {pd product} {ergonomic}
    uintx ReservedCodeCacheSize                    = 251658240                              {pd product} {ergonomic}
     bool SegmentedCodeCache                       = true                                      {product} {ergonomic}
   size_t SoftMaxHeapSize                          = 2105540608                             {manageable} {ergonomic}
     bool UseCompressedClassPointers               = true                           {product lp64_product} {ergonomic}
     bool UseCompressedOops                        = true                           {product lp64_product} {ergonomic}
     bool UseG1GC                                  = true                                      {product} {ergonomic}
     bool UseLargePagesIndividualAllocation        = false                                  {pd product} {ergonomic}

Logging:
Log output configuration:
 #0: stdout all=warning uptime,level,tags
 #1: stderr all=off uptime,level,tags

Environment Variables:
PATH=E:\VMware\bin\;C:\Program Files\Common Files\Oracle\Java\javapath;C:\WINDOWS\system32;C:\WINDOWS;C:\WINDOWS\System32\Wbem;C:\WINDOWS\System32\WindowsPowerShell\v1.0\;C:\WINDOWS\System32\OpenSSH\;C:\Program Files\Git\cmd;C:\Users\domin\AppData\Local\Programs\Python\Launcher\;C:\Users\domin\AppData\Local\Microsoft\WindowsApps;;E:\intellefk\IntelliJ IDEA Community Edition 2023.3.3\bin;;C:\Users\domin\AppData\Local\Programs\Microsoft VS Code\bin;E:\Pycharm\PyCharm Community Edition 2024.1.1\bin;
USERNAME=domin
OS=Windows_NT
PROCESSOR_IDENTIFIER=Intel64 Family 6 Model 142 Stepping 12, GenuineIntel
TMP=C:\Users\domin\AppData\Local\Temp
TEMP=C:\Users\domin\AppData\Local\Temp



Periodic native trim disabled

JNI global refs:
JNI global refs: 0, weak refs: 0

JNI global refs memory usage: 0, weak refs: 0

OOME stack traces (most recent first):
Classloader memory used:


---------------  S Y S T E M  ---------------

OS:
 Windows 11 , 64 bit Build 22621 (10.0.22621.3527)
OS uptime: 3 days 23:18 hours

CPU: total 8 (initial active 8) (4 cores per cpu, 2 threads per core) family 6 model 142 stepping 12 microcode 0xde, cx8, cmov, fxsr, ht, mmx, 3dnowpref, sse, sse2, sse3, ssse3, sse4.1, sse4.2, popcnt, lzcnt, tsc, tscinvbit, avx, avx2, aes, erms, clmul, bmi1, bmi2, adx, fma, vzeroupper, clflush, clflushopt
Processor Information for all 8 processors :
  Max Mhz: 2304, Current Mhz: 1803, Mhz Limit: 1797

Memory: 4k page, system-wide physical 8025M (530M free)
TotalPageFile size 23144M (AvailPageFile size 50M)
current process WorkingSet (physical memory assigned to process): 11M, peak: 11M
current process commit charge ("private bytes"): 60M, peak: 186M

vm_info: OpenJDK 64-Bit Server VM (17.0.9+0--11185874) for windows-amd64 JRE (17.0.9+0--11185874), built on Dec  6 2023 18:57:44 by "androidbuild" with MS VC++ 16.10 / 16.11 (VS2019)

END.
